[debug] [2024-11-15T09:43:03.976Z] ----------------------------------------------------------------------
[debug] [2024-11-15T09:43:03.981Z] Command:       C:\Program Files\nodejs\node.exe C:\Users\ASUS\AppData\Roaming\npm\node_modules\firebase-tools\lib\bin\firebase.js init
[debug] [2024-11-15T09:43:03.981Z] CLI Version:   13.25.0
[debug] [2024-11-15T09:43:03.981Z] Platform:      win32
[debug] [2024-11-15T09:43:03.981Z] Node Version:  v22.11.0
[debug] [2024-11-15T09:43:03.982Z] Time:          Fri Nov 15 2024 16:43:03 GMT+0700 (Western Indonesia Time)
[debug] [2024-11-15T09:43:03.982Z] ----------------------------------------------------------------------
[debug] 
[debug] [2024-11-15T09:43:04.071Z] > command requires scopes: ["email","openid","https://www.googleapis.com/auth/cloudplatformprojects.readonly","https://www.googleapis.com/auth/firebase","https://www.googleapis.com/auth/cloud-platform"]
[debug] [2024-11-15T09:43:04.071Z] > authorizing via signed-in user (revakhansaadilla@gmail.com)
[info] 
     ######## #### ########  ######## ########     ###     ######  ########
     ##        ##  ##     ## ##       ##     ##  ##   ##  ##       ##
     ######    ##  ########  ######   ########  #########  ######  ######
     ##        ##  ##    ##  ##       ##     ## ##     ##       ## ##
     ##       #### ##     ## ######## ########  ##     ##  ######  ########

You're about to initialize a Firebase project in this directory:

  D:\ITB\Semester V\BelajarKalkulus

Before we get started, keep in mind:

  * You are initializing within an existing Firebase project directory

[info] 
=== Project Setup
[info] 
[info] First, let's associate this project directory with a Firebase project.
[info] You can create multiple project aliases by running firebase use --add, 
[info] but for now we'll just set up a default project.
[info] 
[debug] [2024-11-15T09:43:21.999Z] Checked if tokens are valid: true, expires at: 1731666873822
[debug] [2024-11-15T09:43:21.999Z] Checked if tokens are valid: true, expires at: 1731666873822
[debug] [2024-11-15T09:43:22.001Z] >>> [apiv2][query] GET https://firebase.googleapis.com/v1beta1/projects pageSize=100
[debug] [2024-11-15T09:43:33.141Z] *** [apiv2] error from fetch(https://firebase.googleapis.com/v1beta1/projects?pageSize=100, {"headers":{},"method":"GET","signal":{}}): FetchError: request to https://firebase.googleapis.com/v1beta1/projects?pageSize=100 failed, reason: getaddrinfo ENOTFOUND firebase.googleapis.com
[debug] [2024-11-15T09:43:33.142Z] Failed to make request to https://firebase.googleapis.com/v1beta1/projects?pageSize=100
[debug] [2024-11-15T09:43:33.165Z] FirebaseError: Failed to make request to https://firebase.googleapis.com/v1beta1/projects?pageSize=100
    at RetryOperation._fn (C:\Users\ASUS\AppData\Roaming\npm\node_modules\firebase-tools\lib\apiv2.js:261:31)
    at process.processTicksAndRejections (node:internal/process/task_queues:105:5)
[error] 
[error] Error: Failed to list Firebase projects. See firebase-debug.log for more info.
[debug] [2024-11-15T09:55:36.890Z] ----------------------------------------------------------------------
[debug] [2024-11-15T09:55:36.896Z] Command:       C:\Program Files\nodejs\node.exe C:\Users\ASUS\AppData\Roaming\npm\node_modules\firebase-tools\lib\bin\firebase.js login
[debug] [2024-11-15T09:55:36.897Z] CLI Version:   13.25.0
[debug] [2024-11-15T09:55:36.897Z] Platform:      win32
[debug] [2024-11-15T09:55:36.897Z] Node Version:  v22.11.0
[debug] [2024-11-15T09:55:36.898Z] Time:          Fri Nov 15 2024 16:55:36 GMT+0700 (Western Indonesia Time)
[debug] [2024-11-15T09:55:36.898Z] ----------------------------------------------------------------------
[debug] 
[info] Already logged in as revakhansaadilla@gmail.com
[debug] [2024-11-15T09:55:47.149Z] Error: Timed out.
    at Timeout._onTimeout (C:\Users\ASUS\AppData\Roaming\npm\node_modules\firebase-tools\lib\utils.js:268:49)
    at listOnTimeout (node:internal/timers:594:17)
    at process.processTimers (node:internal/timers:529:7)
[error] 
[error] Error: An unexpected error has occurred.
[debug] [2024-11-15T09:56:00.696Z] ----------------------------------------------------------------------
[debug] [2024-11-15T09:56:00.704Z] Command:       C:\Program Files\nodejs\node.exe C:\Users\ASUS\AppData\Roaming\npm\node_modules\firebase-tools\lib\bin\firebase.js init
[debug] [2024-11-15T09:56:00.705Z] CLI Version:   13.25.0
[debug] [2024-11-15T09:56:00.705Z] Platform:      win32
[debug] [2024-11-15T09:56:00.705Z] Node Version:  v22.11.0
[debug] [2024-11-15T09:56:00.706Z] Time:          Fri Nov 15 2024 16:56:00 GMT+0700 (Western Indonesia Time)
[debug] [2024-11-15T09:56:00.706Z] ----------------------------------------------------------------------
[debug] 
[debug] [2024-11-15T09:56:00.833Z] > command requires scopes: ["email","openid","https://www.googleapis.com/auth/cloudplatformprojects.readonly","https://www.googleapis.com/auth/firebase","https://www.googleapis.com/auth/cloud-platform"]
[debug] [2024-11-15T09:56:00.834Z] > authorizing via signed-in user (revakhansaadilla@gmail.com)
[info] 
     ######## #### ########  ######## ########     ###     ######  ########
     ##        ##  ##     ## ##       ##     ##  ##   ##  ##       ##
     ######    ##  ########  ######   ########  #########  ######  ######
     ##        ##  ##    ##  ##       ##     ## ##     ##       ## ##
     ##       #### ##     ## ######## ########  ##     ##  ######  ########

You're about to initialize a Firebase project in this directory:

  D:\ITB\Semester V\BelajarKalkulus

Before we get started, keep in mind:

  * You are initializing within an existing Firebase project directory

[info] 
=== Project Setup
[info] 
[info] First, let's associate this project directory with a Firebase project.
[info] You can create multiple project aliases by running firebase use --add, 
[info] but for now we'll just set up a default project.
[info] 
[debug] [2024-11-15T09:56:09.379Z] Checked if tokens are valid: true, expires at: 1731666873822
[debug] [2024-11-15T09:56:09.379Z] Checked if tokens are valid: true, expires at: 1731666873822
[debug] [2024-11-15T09:56:09.390Z] >>> [apiv2][query] GET https://firebase.googleapis.com/v1beta1/projects pageSize=100
[debug] [2024-11-15T09:56:20.636Z] *** [apiv2] error from fetch(https://firebase.googleapis.com/v1beta1/projects?pageSize=100, {"headers":{},"method":"GET","signal":{}}): FetchError: request to https://firebase.googleapis.com/v1beta1/projects?pageSize=100 failed, reason: getaddrinfo ENOTFOUND firebase.googleapis.com
[debug] [2024-11-15T09:56:20.637Z] Failed to make request to https://firebase.googleapis.com/v1beta1/projects?pageSize=100
[debug] [2024-11-15T09:56:20.660Z] FirebaseError: Failed to make request to https://firebase.googleapis.com/v1beta1/projects?pageSize=100
    at RetryOperation._fn (C:\Users\ASUS\AppData\Roaming\npm\node_modules\firebase-tools\lib\apiv2.js:261:31)
    at process.processTicksAndRejections (node:internal/process/task_queues:105:5)
[error] 
[error] Error: Failed to list Firebase projects. See firebase-debug.log for more info.
